<?xml version="1.0" encoding="UTF-8"?>
<!-- Generated by org.testng.reporters.JUnitReportReporter -->
<testsuite hostname="Lenovo" failures="0" tests="1" name="testCase.verifyCreateLead" time="158.493" errors="0" timestamp="2021-09-18T18:29:49 IST" skipped="0">
  <testcase classname="testCase.verifyCreateLead" name="runCreateLead" time="158.493"/>
  <system-out/>
</testsuite> <!-- testCase.verifyCreateLead -->
