<?xml version="1.0" encoding="UTF-8"?>
<!-- Generated by org.testng.reporters.JUnitReportReporter -->
<testsuite hostname="Lenovo" failures="0" tests="1" name="testCase.LoginTestLeaf" time="152.885" errors="0" timestamp="2021-09-18T18:29:50 IST" skipped="0">
  <testcase classname="testCase.LoginTestLeaf" name="loginTestLeaf" time="152.885"/>
  <system-out/>
</testsuite> <!-- testCase.LoginTestLeaf -->
